npm error code EPERM
npm error syscall lstat
npm error path D:\Abdelrahman staff\Abdelrahman\programming stuff\JSM Projects\yc-directory\node_modules\@emnapi\core\dist\emnapi-core.cjs.min.d.ts
npm error errno -4048
npm error Error: EPERM: operation not permitted, lstat 'D:\Abdelrahman staff\Abdelrahman\programming stuff\JSM Projects\yc-directory\node_modules\@emnapi\core\dist\emnapi-core.cjs.min.d.ts'
npm error     at async Object.lstat (node:internal/fs/promises:1023:18)
npm error     at async moveFile (C:\Users\User\AppData\Roaming\npm\node_modules\npm\node_modules\@npmcli\fs\lib\move-file.js:33:26)
npm error     at async Promise.all (index 0)
npm error     at async moveFile (C:\Users\User\AppData\Roaming\npm\node_modules\npm\node_modules\@npmcli\fs\lib\move-file.js:36:9)
npm error     at async Promise.all (index 0)
npm error     at async moveFile (C:\Users\User\AppData\Roaming\npm\node_modules\npm\node_modules\@npmcli\fs\lib\move-file.js:36:9)
npm error     at async Promise.allSettled (index 0)
npm error     at async [reifyPackages] (C:\Users\User\AppData\Roaming\npm\node_modules\npm\node_modules\@npmcli\arborist\lib\arborist\reify.js:325:11)
npm error     at async Arborist.reify (C:\Users\User\AppData\Roaming\npm\node_modules\npm\node_modules\@npmcli\arborist\lib\arborist\reify.js:142:5)
npm error     at async Install.exec (C:\Users\User\AppData\Roaming\npm\node_modules\npm\lib\commands\install.js:149:5) {
npm error   errno: -4048,
npm error   code: 'EPERM',
npm error   syscall: 'lstat',
npm error   path: 'D:\\Abdelrahman staff\\Abdelrahman\\programming stuff\\JSM Projects\\yc-directory\\node_modules\\@emnapi\\core\\dist\\emnapi-core.cjs.min.d.ts'
npm error }
npm error
npm error The operation was rejected by your operating system.
npm error It's possible that the file was already in use (by a text editor or antivirus),
npm error or that you lack permissions to access it.
npm error
npm error If you believe this might be a permissions issue, please double-check the
npm error permissions of the file and its containing directories, or try running
npm error the command again as root/Administrator.
npm error A complete log of this run can be found in: C:\Users\User\AppData\Local\npm-cache\_logs\2025-04-19T16_06_14_287Z-debug-0.log
